UG to STEP
! INFO-     NX STEP AP214 - V2312.9162
! INFO-      
! INFO-     Start of Translation: 11-JUL-2025  7:52:18 PM
! INFO-      
! STATUS-   Converting Part: C:\Engineering\01 Repos\Recovery-systems\ansys-cfd-sims\CAD\CFDforebody.prt
! SUMMARY-   
! SUMMARY-  Summary of Unigraphics Part Entities
! SUMMARY-  For Part: C:\Engineering\01 Repos\Recovery-systems\ansys-cfd-sims\CAD\CFDforebody.prt 
! SUMMARY-  Entities Processed             Count
! SUMMARY-  ------------------             -----
! SUMMARY-  Part Attribute ..............:     1
! SUMMARY-  Font ........................:     1
! SUMMARY-  Color Table .................:     2
! SUMMARY-  Coordinate System ...........:    17
! SUMMARY-  Parameter ...................:     1
! SUMMARY-  Matrix ......................:     4
! SUMMARY-  Solid/Sheet .................:
! SUMMARY-     Body .....................:     2
! SUMMARY-                                 -----
! SUMMARY-  Total                             28
! STATUS-    
! STATUS-   Converting to Output Form (Phase 2 of 3): 11-JUL-2025 7:52:18 PM
! STATUS-    
! STATUS-    
! STATUS-   Generating UG geometry and placing them in parts
! STATUS-    
! SUMMARY-   
! SUMMARY-    STEP Header Information
! SUMMARY-   
! SUMMARY-  Description      Unknown
! SUMMARY-  Imp_Level        1
! SUMMARY-  File_Name        CFDforebodySTEP.stp
! SUMMARY-  Date             2025-07-11T19:52:18-06:00
! SUMMARY-  Author           Unknown
! SUMMARY-  Organization     Unknown
! SUMMARY-  Pre_Version      ST-DEVELOPER v20
! SUMMARY-  Orig_System      SIEMENS PLM Software NX2312.9162
! SUMMARY-  Authorization    Unknown
! SUMMARY-  Schema_ID        step_merged_ap_schema
! SUMMARY-   
! SUMMARY-    Summary of STEP Entities
! SUMMARY-   
! SUMMARY-  Entity Type                                                   Count
! SUMMARY-  -----------                                                   ------
! SUMMARY-  advanced_face ..............................................:     11
! SUMMARY-  application_context ........................................:      1
! SUMMARY-  axis2_placement_3d .........................................:     22
! SUMMARY-  b_spline_surface_with_knots_and_rational_b_spline_surface ..:      1
! SUMMARY-  cartesian_point ............................................:     62
! SUMMARY-  circle .....................................................:     11
! SUMMARY-  closed_shell ...............................................:      2
! SUMMARY-  conversion_based_unit_and_plane_angle_unit .................:      1
! SUMMARY-  cylindrical_surface ........................................:      3
! SUMMARY-  dimensional_exponents ......................................:      1
! SUMMARY-  direction ..................................................:     54
! SUMMARY-  edge_curve .................................................:     21
! SUMMARY-  edge_loop ..................................................:     11
! SUMMARY-  face_outer_bound ...........................................:     11
! SUMMARY-  geometric_representation_context_and_global_uncertainty_a ..:      1
! SUMMARY-  length_unit_and_si_unit ....................................:      1
! SUMMARY-  line .......................................................:     10
! SUMMARY-  manifold_solid_brep ........................................:      2
! SUMMARY-  oriented_edge ..............................................:     42
! SUMMARY-  plane ......................................................:      5
! SUMMARY-  plane_angle_measure_with_unit ..............................:      1
! SUMMARY-  plane_angle_unit_and_si_unit ...............................:      1
! SUMMARY-  product ....................................................:      1
! SUMMARY-  product_context ............................................:      1
! SUMMARY-  product_definition .........................................:      1
! SUMMARY-  product_definition_context .................................:      1
! SUMMARY-  product_definition_formation_with_specified_source .........:      1
! SUMMARY-  product_definition_shape ...................................:      1
! SUMMARY-  product_related_product_category ...........................:      1
! SUMMARY-  si_unit_and_solid_angle_unit ...............................:      1
! SUMMARY-  spherical_surface ..........................................:      2
! SUMMARY-  uncertainty_measure_with_unit ..............................:      1
! SUMMARY-  vector .....................................................:     10
! SUMMARY-  vertex_point ...............................................:     14
! SUMMARY-                                                               -------
! SUMMARY-  Total                                                            310
! INFO-     Bspline aprx. value in effect for this translation :0.025400 millimeter
! INFO-      
! INFO-     Total number of solids input for this translation  :       2
! INFO-      
! INFO-     Number of solids processed without problems        :       2
! INFO-      
! INFO-     Number of solids with problems output as sheets    :       0
! INFO-      
! INFO-     Number of solids not processed                     :       0
! INFO-      
! INFO-     End of Translation: 11-JUL-2025  7:52:18 PM
! INFO-      
STEP to UG
! INFO-     NX STEP AP214 - V2312.9162
! INFO-      
! INFO-     Start of Translation: 11-JUL-2025  7:52:37 PM
! INFO-      
! STATUS-   Converting Part: C:\Engineering\01 Repos\Recovery-systems\ansys-cfd-sims\CAD\CFDforebodySTEP.stp
! SUMMARY-   
! SUMMARY-    STEP Header Information
! SUMMARY-   
! SUMMARY-  Description      Unknown
! SUMMARY-  Imp_Level        2;1
! SUMMARY-  File_Name        CFDforebodySTEP.stp
! SUMMARY-  Date             2025-07-11T19:52:18-06:00
! SUMMARY-  Author           Unknown
! SUMMARY-  Organization     Unknown
! SUMMARY-  Pre_Version      ST-DEVELOPER v20
! SUMMARY-  Orig_System      SIEMENS PLM Software NX2312.9162
! SUMMARY-  Authorization    Unknown
! SUMMARY-  Schema_ID        automotive_design
! SUMMARY-   
! SUMMARY-    Summary of STEP Entities
! SUMMARY-   
! SUMMARY-  Entity Type                                                   Count
! SUMMARY-  -----------                                                   ------
! SUMMARY-  advanced_face ..............................................:     11
! SUMMARY-  application_context ........................................:      1
! SUMMARY-  axis2_placement_3d .........................................:     22
! SUMMARY-  b_spline_surface_with_knots_and_rational_b_spline_surface ..:      1
! SUMMARY-  cartesian_point ............................................:     62
! SUMMARY-  circle .....................................................:     11
! SUMMARY-  closed_shell ...............................................:      2
! SUMMARY-  conversion_based_unit_and_plane_angle_unit .................:      1
! SUMMARY-  cylindrical_surface ........................................:      3
! SUMMARY-  dimensional_exponents ......................................:      1
! SUMMARY-  direction ..................................................:     54
! SUMMARY-  edge_curve .................................................:     21
! SUMMARY-  edge_loop ..................................................:     11
! SUMMARY-  face_outer_bound ...........................................:     11
! SUMMARY-  geometric_representation_context_and_global_uncertainty_a ..:      1
! SUMMARY-  length_unit_and_si_unit ....................................:      1
! SUMMARY-  line .......................................................:     10
! SUMMARY-  manifold_solid_brep ........................................:      2
! SUMMARY-  oriented_edge ..............................................:     42
! SUMMARY-  plane ......................................................:      5
! SUMMARY-  plane_angle_measure_with_unit ..............................:      1
! SUMMARY-  plane_angle_unit_and_si_unit ...............................:      1
! SUMMARY-  product ....................................................:      1
! SUMMARY-  product_context ............................................:      1
! SUMMARY-  product_definition .........................................:      1
! SUMMARY-  product_definition_context .................................:      1
! SUMMARY-  product_definition_formation_with_specified_source .........:      1
! SUMMARY-  product_definition_shape ...................................:      1
! SUMMARY-  product_related_product_category ...........................:      1
! SUMMARY-  si_unit_and_solid_angle_unit ...............................:      1
! SUMMARY-  spherical_surface ..........................................:      2
! SUMMARY-  uncertainty_measure_with_unit ..............................:      1
! SUMMARY-  vector .....................................................:     10
! SUMMARY-  vertex_point ...............................................:     14
! SUMMARY-                                                               -------
! SUMMARY-  Total                                                            310
! STATUS-    
! STATUS-   Converting to Output Form (Phase 2 of 3): 11-JUL-2025 7:52:37 PM
! STATUS-    
! STATUS-    
! STATUS-   Generating UG geometry and placing them in parts
! STATUS-    
! STATUS-   Creating the UG part (Phase 3 of 3): 11-JUL-2025  7:52:37 PM
! INFO-     Filing Part ..: C:\Engineering\01 Repos\Recovery-systems\ansys-cfd-sims\CAD\CFDforebodySTEP_stp.prt
! SUMMARY-   
! SUMMARY-  Summary of Unigraphics Part Entities
! SUMMARY-   
! SUMMARY-  Entities Processed             Count
! SUMMARY-  ------------------             -----
! SUMMARY-  Solid/Sheet .................:     2
! SUMMARY-                                 -----
! SUMMARY-  Total                              2
! INFO-      
! INFO-     Total number of solids input for this translation       :         2
! INFO-      
! INFO-     Number of solids created without body validation faults :         2
! INFO-      
! INFO-     Number of solids created with body validation fault(s)  :         0
! INFO-      
! INFO-     Number of solids ending up as sheet bodies              :         0
! INFO-      
! INFO-     End of Translation: 11-JUL-2025  7:52:37 PM
! INFO-      
UG to STEP
! INFO-     NX STEP AP214 - V2312.9162
! INFO-      
! INFO-     Start of Translation: 11-JUL-2025  8:22:40 PM
! INFO-      
! STATUS-   Converting Part: C:\Engineering\01 Repos\Recovery-systems\ansys-cfd-sims\CAD\CFDforebody.prt
! SUMMARY-   
! SUMMARY-  Summary of Unigraphics Part Entities
! SUMMARY-  For Part: C:\Engineering\01 Repos\Recovery-systems\ansys-cfd-sims\CAD\CFDforebody.prt 
! SUMMARY-  Entities Processed             Count
! SUMMARY-  ------------------             -----
! SUMMARY-  Part Attribute ..............:     1
! SUMMARY-  Font ........................:     1
! SUMMARY-  Color Table .................:     2
! SUMMARY-  Coordinate System ...........:     1
! SUMMARY-  Parameter ...................:     1
! SUMMARY-  Matrix ......................:     1
! SUMMARY-  Solid/Sheet .................:
! SUMMARY-     Body .....................:     1
! SUMMARY-                                 -----
! SUMMARY-  Total                              8
! STATUS-    
! STATUS-   Converting to Output Form (Phase 2 of 3): 11-JUL-2025 8:22:40 PM
! STATUS-    
! STATUS-    
! STATUS-   Generating UG geometry and placing them in parts
! STATUS-    
! SUMMARY-   
! SUMMARY-    STEP Header Information
! SUMMARY-   
! SUMMARY-  Description      Unknown
! SUMMARY-  Imp_Level        1
! SUMMARY-  File_Name        CFDforebodySTEP.stp
! SUMMARY-  Date             2025-07-11T20:22:40-06:00
! SUMMARY-  Author           Unknown
! SUMMARY-  Organization     Unknown
! SUMMARY-  Pre_Version      ST-DEVELOPER v20
! SUMMARY-  Orig_System      SIEMENS PLM Software NX2312.9162
! SUMMARY-  Authorization    Unknown
! SUMMARY-  Schema_ID        step_merged_ap_schema
! SUMMARY-   
! SUMMARY-    Summary of STEP Entities
! SUMMARY-   
! SUMMARY-  Entity Type                                                   Count
! SUMMARY-  -----------                                                   ------
! SUMMARY-  advanced_face ..............................................:      8
! SUMMARY-  application_context ........................................:      1
! SUMMARY-  axis2_placement_3d .........................................:     17
! SUMMARY-  b_spline_curve_with_knots ..................................:      1
! SUMMARY-  b_spline_surface_with_knots_and_rational_b_spline_surface ..:      1
! SUMMARY-  cartesian_point ............................................:     71
! SUMMARY-  circle .....................................................:      9
! SUMMARY-  closed_shell ...............................................:      1
! SUMMARY-  conversion_based_unit_and_plane_angle_unit .................:      1
! SUMMARY-  cylindrical_surface ........................................:      3
! SUMMARY-  dimensional_exponents ......................................:      1
! SUMMARY-  direction ..................................................:     42
! SUMMARY-  edge_curve .................................................:     18
! SUMMARY-  edge_loop ..................................................:      8
! SUMMARY-  face_outer_bound ...........................................:      8
! SUMMARY-  geometric_representation_context_and_global_uncertainty_a ..:      1
! SUMMARY-  length_unit_and_si_unit ....................................:      1
! SUMMARY-  line .......................................................:      8
! SUMMARY-  manifold_solid_brep ........................................:      1
! SUMMARY-  oriented_edge ..............................................:     36
! SUMMARY-  plane ......................................................:      2
! SUMMARY-  plane_angle_measure_with_unit ..............................:      1
! SUMMARY-  plane_angle_unit_and_si_unit ...............................:      1
! SUMMARY-  product ....................................................:      1
! SUMMARY-  product_context ............................................:      1
! SUMMARY-  product_definition .........................................:      1
! SUMMARY-  product_definition_context .................................:      1
! SUMMARY-  product_definition_formation_with_specified_source .........:      1
! SUMMARY-  product_definition_shape ...................................:      1
! SUMMARY-  product_related_product_category ...........................:      1
! SUMMARY-  si_unit_and_solid_angle_unit ...............................:      1
! SUMMARY-  spherical_surface ..........................................:      2
! SUMMARY-  uncertainty_measure_with_unit ..............................:      1
! SUMMARY-  vector .....................................................:      8
! SUMMARY-  vertex_point ...............................................:     12
! SUMMARY-                                                               -------
! SUMMARY-  Total                                                            272
! INFO-     Bspline aprx. value in effect for this translation :0.025400 millimeter
! INFO-      
! INFO-     Total number of solids input for this translation  :       1
! INFO-      
! INFO-     Number of solids processed without problems        :       1
! INFO-      
! INFO-     Number of solids with problems output as sheets    :       0
! INFO-      
! INFO-     Number of solids not processed                     :       0
! INFO-      
! INFO-     End of Translation: 11-JUL-2025  8:22:40 PM
! INFO-      
UG to STEP
! INFO-     NX STEP AP214 - V2312.9162
! INFO-      
! INFO-     Start of Translation: 11-JUL-2025  8:22:51 PM
! INFO-      
! STATUS-   Converting Part: C:\Engineering\01 Repos\Recovery-systems\ansys-cfd-sims\CAD\CFDforebody.prt
! SUMMARY-   
! SUMMARY-  Summary of Unigraphics Part Entities
! SUMMARY-  For Part: C:\Engineering\01 Repos\Recovery-systems\ansys-cfd-sims\CAD\CFDforebody.prt 
! SUMMARY-  Entities Processed             Count
! SUMMARY-  ------------------             -----
! SUMMARY-  Part Attribute ..............:     1
! SUMMARY-  Font ........................:     1
! SUMMARY-  Color Table .................:     2
! SUMMARY-  Coordinate System ...........:     1
! SUMMARY-  Parameter ...................:     1
! SUMMARY-  Matrix ......................:     1
! SUMMARY-  Solid/Sheet .................:
! SUMMARY-     Body .....................:     2
! SUMMARY-                                 -----
! SUMMARY-  Total                              9
! STATUS-    
! STATUS-   Converting to Output Form (Phase 2 of 3): 11-JUL-2025 8:22:51 PM
! STATUS-    
! STATUS-    
! STATUS-   Generating UG geometry and placing them in parts
! STATUS-    
! SUMMARY-   
! SUMMARY-    STEP Header Information
! SUMMARY-   
! SUMMARY-  Description      Unknown
! SUMMARY-  Imp_Level        1
! SUMMARY-  File_Name        CFDforebodySTEP.stp
! SUMMARY-  Date             2025-07-11T20:22:51-06:00
! SUMMARY-  Author           Unknown
! SUMMARY-  Organization     Unknown
! SUMMARY-  Pre_Version      ST-DEVELOPER v20
! SUMMARY-  Orig_System      SIEMENS PLM Software NX2312.9162
! SUMMARY-  Authorization    Unknown
! SUMMARY-  Schema_ID        step_merged_ap_schema
! SUMMARY-   
! SUMMARY-    Summary of STEP Entities
! SUMMARY-   
! SUMMARY-  Entity Type                                                   Count
! SUMMARY-  -----------                                                   ------
! SUMMARY-  advanced_face ..............................................:     12
! SUMMARY-  application_context ........................................:      1
! SUMMARY-  axis2_placement_3d .........................................:     23
! SUMMARY-  b_spline_curve_with_knots ..................................:      1
! SUMMARY-  b_spline_surface_with_knots_and_rational_b_spline_surface ..:      1
! SUMMARY-  cartesian_point ............................................:     85
! SUMMARY-  circle .....................................................:     11
! SUMMARY-  closed_shell ...............................................:      2
! SUMMARY-  conversion_based_unit_and_plane_angle_unit .................:      1
! SUMMARY-  cylindrical_surface ........................................:      4
! SUMMARY-  dimensional_exponents ......................................:      1
! SUMMARY-  direction ..................................................:     58
! SUMMARY-  edge_curve .................................................:     24
! SUMMARY-  edge_loop ..................................................:     12
! SUMMARY-  face_outer_bound ...........................................:     12
! SUMMARY-  geometric_representation_context_and_global_uncertainty_a ..:      1
! SUMMARY-  length_unit_and_si_unit ....................................:      1
! SUMMARY-  line .......................................................:     12
! SUMMARY-  manifold_solid_brep ........................................:      2
! SUMMARY-  oriented_edge ..............................................:     48
! SUMMARY-  plane ......................................................:      5
! SUMMARY-  plane_angle_measure_with_unit ..............................:      1
! SUMMARY-  plane_angle_unit_and_si_unit ...............................:      1
! SUMMARY-  product ....................................................:      1
! SUMMARY-  product_context ............................................:      1
! SUMMARY-  product_definition .........................................:      1
! SUMMARY-  product_definition_context .................................:      1
! SUMMARY-  product_definition_formation_with_specified_source .........:      1
! SUMMARY-  product_definition_shape ...................................:      1
! SUMMARY-  product_related_product_category ...........................:      1
! SUMMARY-  si_unit_and_solid_angle_unit ...............................:      1
! SUMMARY-  spherical_surface ..........................................:      2
! SUMMARY-  uncertainty_measure_with_unit ..............................:      1
! SUMMARY-  vector .....................................................:     12
! SUMMARY-  vertex_point ...............................................:     16
! SUMMARY-                                                               -------
! SUMMARY-  Total                                                            358
! INFO-     Bspline aprx. value in effect for this translation :0.025400 millimeter
! INFO-      
! INFO-     Total number of solids input for this translation  :       2
! INFO-      
! INFO-     Number of solids processed without problems        :       2
! INFO-      
! INFO-     Number of solids with problems output as sheets    :       0
! INFO-      
! INFO-     Number of solids not processed                     :       0
! INFO-      
! INFO-     End of Translation: 11-JUL-2025  8:22:51 PM
! INFO-      
